<?xml version="1.0" encoding="UTF-8"?>
<testsuite xmlns:xsi="http://www.w3.org/2001/XMLSchema-instance" xsi:noNamespaceSchemaLocation="https://maven.apache.org/surefire/maven-surefire-plugin/xsd/surefire-test-report.xsd" name="TestSuite" time="3.251" tests="7" errors="0" skipped="0" failures="2">
  <properties>
[...]
</properties>
  <testcase name="runScenario" classname="runner.runner" time="0.947">
    <failure message="Header value cannot be null" type="java.lang.IllegalArgumentException">java.lang.IllegalArgumentException: Header value cannot be null
</failure>
    <system-out><![CDATA[
Scenario: Create new user                                 &amp#27;[90m# src/test/resources/features/createUser.feature:4&amp#27;[0m
@@@@@@@@@@@@@@@@@@@@@@@@@@@@@@@@@@@@@@@@@@@@@@@@@@@@@@@@@@@@@@@@@@@@@
  &amp#27;[31mGiven &amp#27;[0m&amp#27;[31mUser name, mail and password and send the request&amp#27;[0m &amp#27;[90m# stepsDefinitions.createUserSteps.user_name_mail_and_password_and_send_the_request()&amp#27;[0m
      &amp#27;[31mjava.lang.IllegalArgumentException: Header value cannot be null
	at java.base/jdk.internal.reflect.NativeConstructorAccessorImpl.newInstance0(Native Method)
	at java.base/jdk.internal.reflect.NativeConstructorAccessorImpl.newInstance(NativeConstructorAccessorImpl.java:62)
	at java.base/jdk.internal.reflect.DelegatingConstructorAccessorImpl.newInstance(DelegatingConstructorAccessorImpl.java:45)
	at java.base/java.lang.reflect.Constructor.newInstance(Constructor.java:490)
	at org.codehaus.groovy.reflection.CachedConstructor.invoke(CachedConstructor.java:73)
	at org.codehaus.groovy.reflection.CachedConstructor.doConstructorInvoke(CachedConstructor.java:60)
	at org.codehaus.groovy.runtime.callsite.ConstructorSite$ConstructorSiteNoUnwrap.callConstructor(ConstructorSite.java:86)
	at org.codehaus.groovy.runtime.callsite.CallSiteArray.defaultCallConstructor(CallSiteArray.java:58)
	at org.codehaus.groovy.runtime.callsite.AbstractCallSite.callConstructor(AbstractCallSite.java:263)
	at org.codehaus.groovy.runtime.callsite.AbstractCallSite.callConstructor(AbstractCallSite.java:277)
	at io.restassured.internal.common.assertion.AssertParameter.notNull(AssertParameter.groovy:26)
	at io.restassured.internal.common.assertion.AssertParameter$notNull.callStatic(Unknown Source)
	at org.codehaus.groovy.runtime.callsite.CallSiteArray.defaultCallStatic(CallSiteArray.java:54)
	at org.codehaus.groovy.runtime.callsite.AbstractCallSite.callStatic(AbstractCallSite.java:217)
	at org.codehaus.groovy.runtime.callsite.AbstractCallSite.callStatic(AbstractCallSite.java:240)
	at io.restassured.internal.RequestSpecificationImpl.header(RequestSpecificationImpl.groovy:869)
	at utilities.apiHelper.postRequestJson(apiHelper.java:117)
	at calls.createUser.c_User(createUser.java:16)
	at stepsDefinitions.createUserSteps.user_name_mail_and_password_and_send_the_request(createUserSteps.java:16)
	at âœ½.User name, mail and password and send the request(file:///d:/Projects/RestAPI%20Project/src/test/resources/features/createUser.feature:5)
&amp#27;[0m
  &amp#27;[36mThen &amp#27;[0m&amp#27;[36mVailded the response&amp#27;[0m                               &amp#27;[90m# stepsDefinitions.createUserSteps.vailded_the_response()&amp#27;[0m
]]></system-out>
    <system-err><![CDATA[SLF4J: Failed to load class "org.slf4j.impl.StaticLoggerBinder".
SLF4J: Defaulting to no-operation (NOP) logger implementation
SLF4J: See http://www.slf4j.org/codes.html#StaticLoggerBinder for further details.
]]></system-err>
  </testcase>
  <testcase name="runScenario" classname="runner.runner" time="0.02"/>
  <testcase name="runScenario" classname="runner.runner" time="0.026"/>
  <testcase name="runScenario" classname="runner.runner" time="0.015"/>
  <testcase name="runScenario" classname="runner.runner" time="0.02"/>
  <testcase name="runScenario" classname="runner.runner" time="0.026">
    <failure message="Step [In body give {} or empty body.] is defined with 0 parameters at &apos;stepsDefinitions.createUserSteps.in_body_give_or_empty_body()&apos;.&#10;However, the gherkin step has 1 arguments:&#10; * {}&#10;Step text: In body give {} or empty body." type="io.cucumber.core.exception.CucumberException">io.cucumber.core.exception.CucumberException: 
Step [In body give {} or empty body.] is defined with 0 parameters at 'stepsDefinitions.createUserSteps.in_body_give_or_empty_body()'.
However, the gherkin step has 1 arguments:
 * {}
Step text: In body give {} or empty body.
</failure>
    <system-out><![CDATA[
Scenario: Give empty body                      &amp#27;[90m# src/test/resources/features/createUser.feature:22&amp#27;[0m
  &amp#27;[31mGiven &amp#27;[0m&amp#27;[31mIn body give &amp#27;[0m&amp#27;[31m&amp#27;[1m{}&amp#27;[0m&amp#27;[31m or empty body.&amp#27;[0m         &amp#27;[90m# stepsDefinitions.createUserSteps.in_body_give_or_empty_body()&amp#27;[0m
      &amp#27;[31mio.cucumber.core.exception.CucumberException: Step [In body give {} or empty body.] is defined with 0 parameters at 'stepsDefinitions.createUserSteps.in_body_give_or_empty_body()'.
However, the gherkin step has 1 arguments:
 * {}
Step text: In body give {} or empty body.
	at io.cucumber.core.runner.PickleStepDefinitionMatch.arityMismatch(PickleStepDefinitionMatch.java:83)
	at io.cucumber.core.runner.PickleStepDefinitionMatch.runStep(PickleStepDefinitionMatch.java:42)
	at io.cucumber.core.runner.ExecutionMode$1.execute(ExecutionMode.java:10)
	at io.cucumber.core.runner.TestStep.executeStep(TestStep.java:84)
	at io.cucumber.core.runner.TestStep.run(TestStep.java:56)
	at io.cucumber.core.runner.PickleStepTestStep.run(PickleStepTestStep.java:51)
	at io.cucumber.core.runner.TestCase.run(TestCase.java:84)
	at io.cucumber.core.runner.Runner.runPickle(Runner.java:75)
	at io.cucumber.testng.TestNGCucumberRunner.lambda$runScenario$1(TestNGCucumberRunner.java:132)
	at io.cucumber.core.runtime.CucumberExecutionContext.lambda$runTestCase$5(CucumberExecutionContext.java:130)
	at io.cucumber.core.runtime.RethrowingThrowableCollector.executeAndThrow(RethrowingThrowableCollector.java:23)
	at io.cucumber.core.runtime.CucumberExecutionContext.runTestCase(CucumberExecutionContext.java:130)
	at io.cucumber.testng.TestNGCucumberRunner.runScenario(TestNGCucumberRunner.java:129)
	at io.cucumber.testng.AbstractTestNGCucumberTests.runScenario(AbstractTestNGCucumberTests.java:35)
	at java.base/jdk.internal.reflect.NativeMethodAccessorImpl.invoke0(Native Method)
	at java.base/jdk.internal.reflect.NativeMethodAccessorImpl.invoke(NativeMethodAccessorImpl.java:62)
	at java.base/jdk.internal.reflect.DelegatingMethodAccessorImpl.invoke(DelegatingMethodAccessorImpl.java:43)
	at java.base/java.lang.reflect.Method.invoke(Method.java:566)
	at org.testng.internal.invokers.MethodInvocationHelper.invokeMethod(MethodInvocationHelper.java:139)
	at org.testng.internal.invokers.TestInvoker.invokeMethod(TestInvoker.java:677)
	at org.testng.internal.invokers.TestInvoker.invokeTestMethod(TestInvoker.java:221)
	at org.testng.internal.invokers.MethodRunner.runInSequence(MethodRunner.java:50)
	at org.testng.internal.invokers.TestInvoker$MethodInvocationAgent.invoke(TestInvoker.java:962)
	at org.testng.internal.invokers.TestInvoker.invokeTestMethods(TestInvoker.java:194)
	at org.testng.internal.invokers.TestMethodWorker.invokeTestMethods(TestMethodWorker.java:148)
	at org.testng.internal.invokers.TestMethodWorker.run(TestMethodWorker.java:128)
	at java.base/java.util.ArrayList.forEach(ArrayList.java:1541)
	at org.testng.TestRunner.privateRun(TestRunner.java:806)
	at org.testng.TestRunner.run(TestRunner.java:601)
	at org.testng.SuiteRunner.runTest(SuiteRunner.java:433)
	at org.testng.SuiteRunner.runSequentially(SuiteRunner.java:427)
	at org.testng.SuiteRunner.privateRun(SuiteRunner.java:387)
	at org.testng.SuiteRunner.run(SuiteRunner.java:330)
	at org.testng.SuiteRunnerWorker.runSuite(SuiteRunnerWorker.java:52)
	at org.testng.SuiteRunnerWorker.run(SuiteRunnerWorker.java:95)
	at java.base/java.util.concurrent.ThreadPoolExecutor.runWorker(ThreadPoolExecutor.java:1128)
	at java.base/java.util.concurrent.ThreadPoolExecutor$Worker.run(ThreadPoolExecutor.java:628)
	at java.base/java.lang.Thread.run(Thread.java:834)
&amp#27;[0m
  &amp#27;[36mThen &amp#27;[0m&amp#27;[36mVaild the user vaildation fail response&amp#27;[0m &amp#27;[90m# stepsDefinitions.createUserSteps.vaild_the_user_vaildation_fail_response()&amp#27;[0m
]]></system-out>
  </testcase>
  <testcase name="runScenario" classname="runner.runner" time="0.026"/>
</testsuite>