<?xml version="1.0" encoding="UTF-8"?>
<!-- Generated by org.testng.reporters.JUnitReportReporter -->
<testsuite hostname="YVSRL-PremsaiP" failures="0" tests="7" name="runner.runner" time="5.803" errors="1" timestamp="2024-02-26T21:14:11 IST" skipped="0">
  <testcase classname="runner.runner" name="runScenario" time="0.020"/>
  <system-out/>
  <testcase classname="runner.runner" name="runScenario" time="0.013"/>
  <system-out/>
  <testcase classname="runner.runner" name="runScenario" time="5.738">
    <error type="java.lang.NullPointerException">
      <![CDATA[java.lang.NullPointerException
at utilities.excelReadAndWrite.setDataToExcel(excelReadAndWrite.java:41)
at calls.createUser.c_User(createUser.java:39)
at stepsDefinitions.createUserSteps.user_name_mail_and_password_and_send_the_request(createUserSteps.java:15)
at ✽.User name, mail and password and send the request(file:///D:/Projects/RestAPI%20Project/src/test/resources/features/createUser.feature:5)
]]>
    </error>
  </testcase> <!-- runScenario -->
  <system-out/>
  <testcase classname="runner.runner" name="runScenario" time="0.010"/>
  <system-out/>
  <testcase classname="runner.runner" name="runScenario" time="0.008"/>
  <system-out/>
  <testcase classname="runner.runner" name="runScenario" time="0.008"/>
  <system-out/>
  <testcase classname="runner.runner" name="runScenario" time="0.006"/>
  <system-out/>
</testsuite> <!-- runner.runner -->
